
=== Mon Aug  5 10:54:26 2019

Packages were changed.
Update Mode: updateDependencies

The following packages were added:
  com.unity.timeline@1.0.0
  com.unity.multiplayer-hlapi@1.0.2
  com.unity.xr.legacyinputhelpers@2.0.2
The following packages were updated:
  com.unity.analytics from version 3.2.2 to 3.3.2
  com.unity.collab-proxy from version 1.2.15 to 1.2.16
  com.unity.package-manager-ui from version 2.0.3 to 2.1.2
  com.unity.render-pipelines.core from version 4.10.0-preview to 5.7.2
  com.unity.textmeshpro from version 1.3.0 to 2.0.1

=== Wed Aug  7 16:28:24 2019

Packages were changed.
Update Mode: updateDependencies

The following packages were added:
  com.unity.2d.tilemap@1.0.0
  com.unity.test-framework@1.0.16
  com.unity.2d.sprite@1.0.0
  com.unity.ide.vscode@1.0.7
  com.unity.ide.visualstudio@1.0.11
  com.unity.ide.rider@1.0.8
  com.unity.ugui@1.0.0
  com.unity.modules.androidjni@1.0.0
The following packages were updated:
  com.unity.multiplayer-hlapi from version 1.0.2 to 1.0.4
  com.unity.render-pipelines.core from version 5.7.2 to 6.5.2
  com.unity.timeline from version 1.0.0 to 1.1.0
  com.unity.xr.legacyinputhelpers from version 2.0.2 to 2.0.4
The following packages were removed:
  com.unity.package-manager-ui@2.1.2

=== Thu Aug  8 13:20:58 2019

Packages were changed.
Update Mode: resetToDefaultDependencies

The following packages were added:
  com.unity.purchasing@2.0.6
  com.unity.ads@2.0.8
  com.unity.package-manager-ui@2.1.2
The following packages were updated:
  com.unity.timeline from version 1.1.0 to 1.0.0
The following packages were removed:
  com.unity.2d.sprite@1.0.0
  com.unity.2d.tilemap@1.0.0
  com.unity.ide.rider@1.0.8
  com.unity.ide.visualstudio@1.0.11
  com.unity.ide.vscode@1.0.7
  com.unity.render-pipelines.core@6.5.2
  com.unity.test-framework@1.0.16
  com.unity.ugui@1.0.0
  com.unity.xr.legacyinputhelpers@2.0.4
  com.unity.modules.androidjni@1.0.0

=== Mon Aug 12 16:54:25 2019

Packages were changed.
Update Mode: resetToDefaultDependencies

The following packages were added:
  com.unity.purchasing@2.0.3
  com.unity.ads@2.0.8
The following packages were updated:
  com.unity.analytics from version 3.3.2 to 3.2.2
  com.unity.textmeshpro from version 2.0.1 to 1.4.1
  com.unity.package-manager-ui from version 2.1.2 to 2.0.7
  com.unity.collab-proxy from version 1.2.16 to 1.2.15
The following packages were removed:
  com.unity.postprocessing@2.1.7
  com.unity.probuilder@4.1.0
  com.unity.render-pipelines.core@5.7.2
  com.unity.render-pipelines.lightweight@5.7.2
  com.unity.timeline@1.0.0

=== Wed Aug 14 19:16:30 2019

Packages were changed.
Update Mode: updateDependencies

The following packages were added:
  com.unity.2d.tilemap@1.0.0
  com.unity.ext.nunit@1.0.0
  com.unity.test-framework@1.0.13
  com.unity.timeline@1.1.0
  com.unity.2d.sprite@1.0.0
  com.unity.ide.vscode@1.0.7
  com.unity.ide.rider@1.0.8
  com.unity.ugui@1.0.0
  com.unity.modules.androidjni@1.0.0
  com.unity.multiplayer-hlapi@1.0.2
  com.unity.xr.legacyinputhelpers@2.0.2
The following packages were updated:
  com.unity.analytics from version 3.2.2 to 3.3.2
  com.unity.collab-proxy from version 1.2.15 to 1.2.16
  com.unity.package-manager-ui from version 2.0.7 to 2.2.0
  com.unity.textmeshpro from version 1.4.1 to 2.0.1

=== Wed Aug 14 20:37:40 2019

Packages were changed.
Update Mode: resetToDefaultDependencies

The following packages were added:
  com.unity.timeline@1.1.0
  com.unity.ugui@1.0.0
The following packages were removed:
  com.unity.analytics@3.3.2
  com.unity.burst@1.1.2
  com.unity.collections@0.0.9-preview.12
  com.unity.jobs@0.1.1-preview
  com.unity.multiplayer-hlapi@1.0.2
  com.unity.postprocessing@2.1.7
  com.unity.probuilder@4.1.0
  com.unity.render-pipelines.core@6.9.1
  com.unity.render-pipelines.high-definition@6.9.1-preview
  com.unity.render-pipelines.lightweight@6.9.1
  com.unity.visualeffectgraph@6.9.1-preview
  com.unity.xr.legacyinputhelpers@2.0.2

=== Mon Aug 19 21:32:23 2019

Packages were changed.
Update Mode: updateDependencies

The following packages were updated:
  com.unity.ide.rider from version 1.0.8 to 1.1.0
  com.unity.probuilder from version 4.0.5 to 4.1.0
  com.unity.render-pipelines.core from version 6.9.1 to 7.0.1
  com.unity.render-pipelines.high-definition from version 6.9.1-preview to 7.0.1
The following packages were removed:
  com.unity.package-manager-ui@2.2.0

=== Tue Aug 20 13:34:10 2019

Packages were changed.
Update Mode: updateDependencies

The following packages were updated:
  com.unity.render-pipelines.core from version 7.0.0 to 7.0.1
  com.unity.render-pipelines.high-definition from version 7.0.0 to 7.0.1
